<?xml version="1.0" ?>
<!DOCTYPE coverage SYSTEM "http://cobertura.sourceforge.net/xml/coverage-04.dtd">
<coverage lines-valid="10" lines-covered="10" line-rate="1" branches-valid="8" branches-covered="5" branch-rate="0.625" timestamp="1538654966708" complexity="0" version="0.1">
  <sources>
    <source>C:\Development\LMSReact</source>
  </sources>
  <packages>
    <class name="ErrorPlaceholder.tsx" filename="src\webparts\cursumWebpartReact\components\ErrorPlaceholder\ErrorPlaceholder.tsx" line-rate="1" branch-rate="0.625">
      <methods>
        <method name="(anonymous_5)" hits="1" signature="()V">
          <lines>
            <line number="7" hits="1"/>
          </lines>
        </method>
        <method name="ErrorPlaceholder" hits="1" signature="()V">
          <lines>
            <line number="8" hits="1"/>
          </lines>
        </method>
        <method name="(anonymous_7)" hits="1" signature="()V">
          <lines>
            <line number="13" hits="1"/>
          </lines>
        </method>
      </methods>
      <lines>
        <line number="1" hits="1" branch="false"/>
        <line number="2" hits="1" branch="false"/>
        <line number="3" hits="1" branch="false"/>
        <line number="7" hits="1" branch="false"/>
        <line number="13" hits="1" branch="false"/>
        <line number="14" hits="1" branch="true" condition-coverage="50% (1/2)"/>
        <line number="15" hits="1" branch="true" condition-coverage="50% (1/2)"/>
        <line number="16" hits="1" branch="true" condition-coverage="50% (1/2)"/>
        <line number="17" hits="1" branch="false"/>
        <line number="26" hits="1" branch="false"/>
      </lines>
    </class>
  </packages>
</coverage>
