{"C:\\Development\\LMSReact\\src\\webparts\\cursumWebpartReact\\components\\ErrorPlaceholder\\ErrorPlaceholder.tsx": {"path":"C:\\Development\\LMSReact\\src\\webparts\\cursumWebpartReact\\components\\ErrorPlaceholder\\ErrorPlaceholder.tsx","statementMap":{"0":{"start":{"line":1,"column":0},"end":{"line":1,"column":30}},"1":{"start":{"line":2,"column":0},"end":{"line":2,"column":32}},"2":{"start":{"line":3,"column":0},"end":{"line":3,"column":82}},"3":{"start":{"line":7,"column":0},"end":{"line":7,"column":53}},"4":{"start":{"line":7,"column":38},"end":{"line":7,"column":101}},"5":{"start":{"line":13,"column":11},"end":{"line":25,"column":5}},"6":{"start":{"line":14,"column":27},"end":{"line":14,"column":98}},"7":{"start":{"line":15,"column":8},"end":{"line":15,"column":71}},"8":{"start":{"line":15,"column":27},"end":{"line":15,"column":71}},"9":{"start":{"line":16,"column":8},"end":{"line":16,"column":58}},"10":{"start":{"line":16,"column":27},"end":{"line":16,"column":58}},"11":{"start":{"line":17,"column":8},"end":{"line":24,"column":10}},"12":{"start":{"line":26,"column":0},"end":{"line":26,"column":1}},"13":{"start":{"line":7,"column":13},"end":{"line":7,"column":29}}},"fnMap":{"0":{"name":"(anonymous_5)","decl":{"start":{"line":7,"column":0},"end":{"line":null,"column":-1}},"loc":{"start":{"line":7,"column":0},"end":{"line":7,"column":-1}}},"1":{"name":"ErrorPlaceholder","decl":{"start":{"line":8,"column":4},"end":{"line":8,"column":15}},"loc":{"start":{"line":8,"column":45},"end":{"line":10,"column":5}}},"2":{"name":"(anonymous_7)","decl":{"start":{"line":13,"column":4},"end":{"line":null,"column":-1}},"loc":{"start":{"line":13,"column":4},"end":{"line":25,"column":5}}}},"branchMap":{"0":{"loc":{"start":{"line":9,"column":8},"end":{"line":9,"column":20}},"type":"binary-expr","locations":[{"start":{"line":9,"column":8},"end":{"line":9,"column":20}},{"start":{"line":9,"column":20},"end":{"line":null,"column":-1}}]},"1":{"loc":{"start":{"line":14,"column":58},"end":{"line":14,"column":86}},"type":"cond-expr","locations":[{"start":{"line":14,"column":58},"end":{"line":14,"column":86}},{"start":{"line":14,"column":89},"end":{"line":14,"column":98}}]},"2":{"loc":{"start":{"line":15,"column":8},"end":{"line":15,"column":71}},"type":"if","locations":[{"start":{"line":15,"column":8},"end":{"line":15,"column":71}},{"start":{"line":15,"column":8},"end":{"line":15,"column":71}}]},"3":{"loc":{"start":{"line":16,"column":8},"end":{"line":16,"column":58}},"type":"if","locations":[{"start":{"line":16,"column":8},"end":{"line":16,"column":58}},{"start":{"line":16,"column":8},"end":{"line":16,"column":58}}]}},"s":{"0":1,"1":1,"2":1,"3":1,"4":1,"5":1,"6":1,"7":1,"8":1,"9":1,"10":1,"11":1,"12":1,"13":1},"f":{"0":1,"1":1,"2":1},"b":{"0":[1,1],"1":[0,1],"2":[1,0],"3":[1,0]}}
}
